<?xml version="1.0" encoding="UTF-8"?>
<!-- Generated by org.testng.reporters.JUnitXMLReporter -->
<testsuite hostname="DESKTOP-LBGB20Q" ignored="0" name="Default test" tests="4" failures="0" timestamp="2021-03-16T17:11:11 IST" time="41.1" errors="0">
  <testcase name="goToRegister" time="13.349" classname="tests.Sanity"/>
  <testcase name="selectAccountTypeIM" time="3.277" classname="tests.Sanity"/>
  <testcase name="selectAccountTypeLookingTo" time="0.554" classname="tests.Sanity"/>
  <testcase name="verifyURL" time="0.269" classname="tests.Sanity"/>
</testsuite> <!-- Default test -->
