<?xml version="1.0" encoding="UTF-8"?>
<!-- Generated by org.testng.reporters.JUnitXMLReporter -->
<testsuite hostname="DESKTOP-LBGB20Q" ignored="0" name="Test" tests="4" failures="0" timestamp="2021-03-16T17:00:54 IST" time="42.825" errors="0">
  <testcase name="goToRegister" time="13.582" classname="tests.Sanity"/>
  <testcase name="selectAccountTypeIM" time="2.819" classname="tests.Sanity"/>
  <testcase name="selectAccountTypeLookingTo" time="0.613" classname="tests.Sanity"/>
  <testcase name="verifyURL" time="0.243" classname="tests.Sanity"/>
</testsuite> <!-- Test -->
